<?xml version="1.0" encoding="UTF-8"?>
<!-- Generated by org.testng.reporters.JUnitReportReporter -->
<testsuite hostname="INFO-IT-LPTP-025" failures="0" tests="3" name="Assignemt.exetntreport" time="0.066" errors="0" timestamp="2023-07-12T17:14:58 IST" skipped="0">
  <testcase classname="Assignemt.exetntreport" name="testAddSong" time="0.060"/>
  <system-out/>
  <testcase classname="Assignemt.exetntreport" name="testDeleteSong" time="0.003"/>
  <system-out/>
  <testcase classname="Assignemt.exetntreport" name="testRecentlyPlayedSongs" time="0.003"/>
  <system-out/>
</testsuite> <!-- Assignemt.exetntreport -->
